<?xml version="1.0" encoding="UTF-8"?>
<testng-results skipped="0" failed="0" total="1" passed="1">
  <reporter-output>
  </reporter-output>
  <suite name="Default suite" duration-ms="19337" started-at="2019-07-11T07:21:06Z" finished-at="2019-07-11T07:21:26Z">
    <groups>
    </groups>
    <test name="Default test" duration-ms="19337" started-at="2019-07-11T07:21:06Z" finished-at="2019-07-11T07:21:26Z">
      <class name="TestAutoIT">
        <test-method status="PASS" signature="Test()[pri:0, instance:TestAutoIT@224aed64]" name="Test" duration-ms="19316" started-at="2019-07-11T12:51:06Z" finished-at="2019-07-11T12:51:26Z">
          <reporter-output>
          </reporter-output>
        </test-method> <!-- Test -->
      </class> <!-- TestAutoIT -->
    </test> <!-- Default test -->
  </suite> <!-- Default suite -->
</testng-results>
